{
  "profileName": "paulrdemobot",
  "jobId": "b4953a48-2ce6-4bb6-9ec9-0b45f6d86512",
  "projectId": "72062.04270352254",
  "time": "2021-05-06T14:03:47.748Z",
  "log": [
    "Creating Azure resources...",
    "Checking the Existence of the Resource Group ...",
    "Creating Resource Group ...",
    "> Creating App Registration ...",
    "Start to add password for App, Id : e8545ee4-86b8-4c01-a9ee-a07bdbf6b141",
    "> Create App Registration Success! ID: e8545ee4-86b8-4c01-a9ee-a07bdbf6b141",
    "Deploying Web App Resource ...",
    "Deploying Bot Resource ...",
    "Deploying Cosmos DB Resource ...",
    "Deploying Application Insights Resource ...",
    "> Linking Application Insights settings to Bot Service ...",
    "{\"stack\":\"Error: The Resource 'Microsoft.Insights/components/rgorderstatusbotdemo' under resource group 'rgorderstatusbotdemo' was not found. For more details please go to https://aka.ms/ARMResourceNotFoundFix\\n    at new RestError2 (C:\\\\Users\\\\parivier\\\\AppData\\\\Local\\\\Programs\\\\Bot Framework Composer\\\\resources\\\\app.asar.unpacked\\\\extensions\\\\azurePublish\\\\dist\\\\extension.js:89825:26)\\n    at C:\\\\Users\\\\parivier\\\\AppData\\\\Local\\\\Programs\\\\Bot Framework Composer\\\\resources\\\\app.asar.unpacked\\\\extensions\\\\azurePublish\\\\dist\\\\extension.js:90746:27\\n    at async AzureResourceMananger.connectAppInsightsToBotService (C:\\\\Users\\\\parivier\\\\AppData\\\\Local\\\\Programs\\\\Bot Framework Composer\\\\resources\\\\app.asar.unpacked\\\\extensions\\\\azurePublish\\\\dist\\\\extension.js:184443:35)\\n    at async BotProjectProvision.create (C:\\\\Users\\\\parivier\\\\AppData\\\\Local\\\\Programs\\\\Bot Framework Composer\\\\resources\\\\app.asar.unpacked\\\\extensions\\\\azurePublish\\\\dist\\\\extension.js:185038:15)\\n    at async AzurePublisher.asyncProvision (C:\\\\Users\\\\parivier\\\\AppData\\\\Local\\\\Programs\\\\Bot Framework Composer\\\\resources\\\\app.asar.unpacked\\\\extensions\\\\azurePublish\\\\dist\\\\extension.js:185479:36)\",\"message\":\"The Resource 'Microsoft.Insights/components/rgorderstatusbotdemo' under resource group 'rgorderstatusbotdemo' was not found. For more details please go to https://aka.ms/ARMResourceNotFoundFix\",\"code\":\"ResourceNotFound\",\"statusCode\":404,\"request\":{\"body\":\"{\\\"name\\\":\\\"rgorderstatusbotdemo-provision-1620310019527\\\",\\\"linkedReadProperties\\\":[\\\"/subscriptions/69fe9e2f-d562-4fa2-a55c-f49123d8d7a5/resourceGroups/rgorderstatusbotdemo/providers/microsoft.insights/components/apporderstatusbotdemo/api\\\",\\\"/subscriptions/69fe9e2f-d562-4fa2-a55c-f49123d8d7a5/resourceGroups/rgorderstatusbotdemo/providers/microsoft.insights/components/apporderstatusbotdemo/agentconfig\\\"],\\\"linkedWriteProperties\\\":[\\\"/subscriptions/69fe9e2f-d562-4fa2-a55c-f49123d8d7a5/resourceGroups/rgorderstatusbotdemo/providers/microsoft.insights/components/apporderstatusbotdemo/annotations\\\"]}\"},\"response\":{\"body\":\"{\\\"error\\\":{\\\"code\\\":\\\"ResourceNotFound\\\",\\\"message\\\":\\\"The Resource 'Microsoft.Insights/components/rgorderstatusbotdemo' under resource group 'rgorderstatusbotdemo' was not found. For more details please go to https://aka.ms/ARMResourceNotFoundFix\\\"}}\"},\"body\":{\"message\":\"The Resource 'Microsoft.Insights/components/rgorderstatusbotdemo' under resource group 'rgorderstatusbotdemo' was not found. For more details please go to https://aka.ms/ARMResourceNotFoundFix\",\"code\":\"ResourceNotFound\"}}",
    "{\"name\":\"CONNECT_APP_INSIGHT_ERROR\",\"message\":\"Error - The Resource 'Microsoft.Insights/components/rgorderstatusbotdemo' under resource group 'rgorderstatusbotdemo' was not found. For more details please go to https://aka.ms/ARMResourceNotFoundFix\",\"stack\":\"Error\\n    at new CustomizeError (C:\\\\Users\\\\parivier\\\\AppData\\\\Local\\\\Programs\\\\Bot Framework Composer\\\\resources\\\\app.asar.unpacked\\\\extensions\\\\azurePublish\\\\dist\\\\extension.js:183482:25)\\n    at createCustomizeError (C:\\\\Users\\\\parivier\\\\AppData\\\\Local\\\\Programs\\\\Bot Framework Composer\\\\resources\\\\app.asar.unpacked\\\\extensions\\\\azurePublish\\\\dist\\\\extension.js:183487:10)\\n    at AzureResourceMananger.connectAppInsightsToBotService (C:\\\\Users\\\\parivier\\\\AppData\\\\Local\\\\Programs\\\\Bot Framework Composer\\\\resources\\\\app.asar.unpacked\\\\extensions\\\\azurePublish\\\\dist\\\\extension.js:184490:13)\"}",
    "CONNECT_APP_INSIGHT_ERROR - Error - The Resource 'Microsoft.Insights/components/rgorderstatusbotdemo' under resource group 'rgorderstatusbotdemo' was not found. For more details please go to https://aka.ms/ARMResourceNotFoundFix\n        detail message can see provision.paulrdemobot.log in your bot folder"
  ]
}
